<?xml version="1.0" encoding="UTF-8"?>
<testng-results ignored="0" total="4" passed="4" failed="0" skipped="0">
  <reporter-output>
  </reporter-output>
  <suite started-at="2021-09-21T15:47:18Z" name="Default suite" finished-at="2021-09-21T15:48:13Z" duration-ms="55009">
    <groups>
    </groups>
    <test started-at="2021-09-21T15:47:18Z" name="Default test" finished-at="2021-09-21T15:48:13Z" duration-ms="55009">
      <class name="org.test.DataProviderBasic">
        <test-method signature="loginFunctionality(java.lang.String, java.lang.String)[pri:0, instance:org.test.DataProviderBasic@2d6c53fc]" started-at="2021-09-21T15:47:18Z" name="loginFunctionality" data-provider="logindata" finished-at="2021-09-21T15:47:38Z" duration-ms="19419" status="PASS">
          <params>
            <param index="0">
              <value>
                <![CDATA[admin]]>
              </value>
            </param>
            <param index="1">
              <value>
                <![CDATA[ad123]]>
              </value>
            </param>
          </params>
          <reporter-output>
          </reporter-output>
        </test-method> <!-- loginFunctionality -->
        <test-method signature="loginFunctionality(java.lang.String, java.lang.String)[pri:0, instance:org.test.DataProviderBasic@2d6c53fc]" started-at="2021-09-21T15:47:38Z" name="loginFunctionality" data-provider="logindata" finished-at="2021-09-21T15:47:49Z" duration-ms="10769" status="PASS">
          <params>
            <param index="0">
              <value>
                <![CDATA[Admin]]>
              </value>
            </param>
            <param index="1">
              <value>
                <![CDATA[dummy]]>
              </value>
            </param>
          </params>
          <reporter-output>
          </reporter-output>
        </test-method> <!-- loginFunctionality -->
        <test-method signature="loginFunctionality(java.lang.String, java.lang.String)[pri:0, instance:org.test.DataProviderBasic@2d6c53fc]" started-at="2021-09-21T15:47:49Z" name="loginFunctionality" data-provider="logindata" finished-at="2021-09-21T15:48:02Z" duration-ms="13244" status="PASS">
          <params>
            <param index="0">
              <value>
                <![CDATA[Admi]]>
              </value>
            </param>
            <param index="1">
              <value>
                <![CDATA[admin]]>
              </value>
            </param>
          </params>
          <reporter-output>
          </reporter-output>
        </test-method> <!-- loginFunctionality -->
        <test-method signature="loginFunctionality(java.lang.String, java.lang.String)[pri:0, instance:org.test.DataProviderBasic@2d6c53fc]" started-at="2021-09-21T15:48:02Z" name="loginFunctionality" data-provider="logindata" finished-at="2021-09-21T15:48:13Z" duration-ms="11460" status="PASS">
          <params>
            <param index="0">
              <value>
                <![CDATA[Admin]]>
              </value>
            </param>
            <param index="1">
              <value>
                <![CDATA[admin123]]>
              </value>
            </param>
          </params>
          <reporter-output>
          </reporter-output>
        </test-method> <!-- loginFunctionality -->
      </class> <!-- org.test.DataProviderBasic -->
    </test> <!-- Default test -->
  </suite> <!-- Default suite -->
</testng-results>
