<?xml version="1.0" encoding="UTF-8"?>
<!-- Generated by org.testng.reporters.JUnitXMLReporter -->
<testsuite ignored="0" hostname="DESKTOP-Q97UVND" failures="0" tests="4" name="Default test" time="55.009" errors="0" timestamp="21 Sep 2021 15:48:13 GMT">
  <testcase classname="org.test.DataProviderBasic" name="loginFunctionality" time="19.419"/>
  <testcase classname="org.test.DataProviderBasic" name="loginFunctionality" time="10.769"/>
  <testcase classname="org.test.DataProviderBasic" name="loginFunctionality" time="13.244"/>
  <testcase classname="org.test.DataProviderBasic" name="loginFunctionality" time="11.46"/>
</testsuite> <!-- Default test -->
